<?xml version="1.0" encoding="UTF-8"?>
<testng-results skipped="0" failed="0" ignored="0" total="1" passed="1">
  <reporter-output>
  </reporter-output>
  <suite name="Suite" duration-ms="24108" started-at="2017-11-23T13:49:34Z" finished-at="2017-11-23T13:49:58Z">
    <groups>
    </groups>
    <test name="Test" duration-ms="24108" started-at="2017-11-23T13:49:34Z" finished-at="2017-11-23T13:49:58Z">
      <class name="test.main.TestMain">
        <test-method status="PASS" signature="LinkedInLogin()[pri:0, instance:test.main.TestMain@cc285f4]" name="LinkedInLogin" duration-ms="24081" started-at="2017-11-23T19:19:34Z" finished-at="2017-11-23T19:19:58Z">
          <reporter-output>
          </reporter-output>
        </test-method> <!-- LinkedInLogin -->
      </class> <!-- test.main.TestMain -->
    </test> <!-- Test -->
  </suite> <!-- Suite -->
</testng-results>
